
ROM used:   110/8192 (1%)
            110/8192 (1%) including unused fragments

            0.1 Average locations per line
            13.8 Average locations per statement

RAM used:   4/768 (1%) at main() level
            4/768 (1%) worst case

Stack used: 0 worst case (0 in main + 0 for interrupts)
Stack size: 31

Lines Stmts  %   Files
----- ----- ---  -----
   31     8 100  main.c
  881     0   0  ..\..\..\..\..\Program Files (x86)\PICC\Devices\18F4431.h
----- -----
  912     8 Total

Page ROM  %  RAM   Vol Diff  Functions:
---- --- --- ---   --- ----  ----------
0    106  48    0   426  3.0  main
 Inline         0             @cinit1

Program metrics:
    Functions               1
    Statements              8
    Comments                161
    Volume (V)              429
    Difficulty (D)          2.9
    Effort to implement (E) 1249
    Time to implement (T)   1 minutes
    Est Delivered Bugs (B)  0
    Cyclomatic Complexity   1
    Maintainability (MI)    142

 Segment     Used  Free
-----------  ----  ----
00000-00002     4  0  
00004-03FFE   106  16274  



